<?xml version="1.0" encoding="UTF-8"?>
<testng-results ignored="0" total="1" passed="1" failed="0" skipped="0">
  <reporter-output>
  </reporter-output>
  <suite started-at="2022-09-13T11:42:06 IST" name="Default suite" finished-at="2022-09-13T11:42:53 IST" duration-ms="46820">
    <groups>
    </groups>
    <test started-at="2022-09-13T11:42:06 IST" name="Default test" finished-at="2022-09-13T11:42:53 IST" duration-ms="46820">
      <class name="TestNG.NewTest1">
        <test-method is-config="true" signature="BeforeClass()[pri:0, instance:TestNG.NewTest1@4f18837a]" started-at="2022-09-13T11:42:06 IST" name="BeforeClass" finished-at="2022-09-13T11:42:47 IST" duration-ms="40923" status="PASS">
          <reporter-output>
          </reporter-output>
        </test-method> <!-- BeforeClass -->
        <test-method is-config="true" signature="BeforeMethod()[pri:0, instance:TestNG.NewTest1@4f18837a]" started-at="2022-09-13T11:42:47 IST" name="BeforeMethod" finished-at="2022-09-13T11:42:47 IST" duration-ms="0" status="PASS">
          <reporter-output>
          </reporter-output>
        </test-method> <!-- BeforeMethod -->
        <test-method signature="Homepage()[pri:0, instance:TestNG.NewTest1@4f18837a]" started-at="2022-09-13T11:42:47 IST" name="Homepage" finished-at="2022-09-13T11:42:53 IST" duration-ms="5790" status="PASS">
          <reporter-output>
          </reporter-output>
        </test-method> <!-- Homepage -->
        <test-method is-config="true" signature="AfterMethod()[pri:0, instance:TestNG.NewTest1@4f18837a]" started-at="2022-09-13T11:42:53 IST" name="AfterMethod" finished-at="2022-09-13T11:42:53 IST" duration-ms="0" status="PASS">
          <reporter-output>
          </reporter-output>
        </test-method> <!-- AfterMethod -->
        <test-method is-config="true" signature="afterClass()[pri:0, instance:TestNG.NewTest1@4f18837a]" started-at="2022-09-13T11:42:53 IST" name="afterClass" finished-at="2022-09-13T11:42:53 IST" duration-ms="0" status="PASS">
          <reporter-output>
          </reporter-output>
        </test-method> <!-- afterClass -->
      </class> <!-- TestNG.NewTest1 -->
    </test> <!-- Default test -->
  </suite> <!-- Default suite -->
</testng-results>
